<?xml version="1.0" encoding="UTF-8"?>
<testng-results ignored="0" total="1" passed="1" failed="0" skipped="0">
  <reporter-output>
  </reporter-output>
  <suite started-at="2022-11-01T17:57:22 IST" name="practice" finished-at="2022-11-01T17:57:45 IST" duration-ms="23312">
    <groups>
    </groups>
    <test started-at="2022-11-01T17:57:22 IST" name="Test practice" finished-at="2022-11-01T17:57:45 IST" duration-ms="23312">
      <class name="week5.day1.DeleteLead">
        <test-method signature="runDeleteLead(java.lang.String)[pri:0, instance:week5.day1.DeleteLead@31fa1761]" started-at="2022-11-01T17:57:22 IST" name="runDeleteLead" finished-at="2022-11-01T17:57:45 IST" duration-ms="23271" status="PASS">
          <params>
            <param index="0">
              <value>
                <![CDATA[http://leaftaps.com/opentaps/]]>
              </value>
            </param>
          </params>
          <reporter-output>
          </reporter-output>
        </test-method> <!-- runDeleteLead -->
      </class> <!-- week5.day1.DeleteLead -->
    </test> <!-- Test practice -->
  </suite> <!-- practice -->
</testng-results>
